-------------------------------------------------------------------------------
Test set: com.cgi.insuranceapi.InsuranceApiPremiumServiceApplicationTests
-------------------------------------------------------------------------------
Tests run: 1, Failures: 0, Errors: 1, Skipped: 0, Time elapsed: 7.09 s <<< FAILURE! - in com.cgi.insuranceapi.InsuranceApiPremiumServiceApplicationTests
contextLoads(com.cgi.insuranceapi.InsuranceApiPremiumServiceApplicationTests)  Time elapsed: 0.004 s  <<< ERROR!
java.lang.IllegalStateException: Failed to load ApplicationContext
Caused by: org.springframework.beans.factory.BeanCreationException: Error creating bean with name 'objectMapperConfigurer' defined in class path resource [springfox/documentation/spring/web/SpringfoxWebMvcConfiguration.class]: BeanPostProcessor before instantiation of bean failed; nested exception is org.springframework.beans.factory.BeanCreationException: Error creating bean with name 'org.springframework.transaction.annotation.ProxyTransactionManagementConfiguration': Initialization of bean failed; nested exception is java.lang.IllegalArgumentException: warning no match for this type name: com.cgi.insuranceapi.controller [Xlint:invalidAbsoluteTypeName]
Caused by: org.springframework.beans.factory.BeanCreationException: Error creating bean with name 'org.springframework.transaction.annotation.ProxyTransactionManagementConfiguration': Initialization of bean failed; nested exception is java.lang.IllegalArgumentException: warning no match for this type name: com.cgi.insuranceapi.controller [Xlint:invalidAbsoluteTypeName]
Caused by: java.lang.IllegalArgumentException: warning no match for this type name: com.cgi.insuranceapi.controller [Xlint:invalidAbsoluteTypeName]

